2026-02-21 21:10:26,682 [INFO] Activator:176 - 


2026-02-21 21:10:26,684 [INFO] Activator:177 - !SESSION log4j initialized
2026-02-21 21:10:28,311 [ERROR] LogOutputStream:75 - [STDERR_REDIRECT] 
2026-02-21 21:10:30,058 [INFO] LogOutputStream:77 - [STDOUT_REDIRECT] 
2026-02-21 21:10:32,382 [INFO] ApplicationProperties:184 - Using Application install path: /Applications/STM32CubeIDE.app/Contents/Eclipse/plugins/com.st.stm32cube.common.mx_6.15.0.202507011659
2026-02-21 21:10:32,401 [INFO] DbMcusXml:78 - Set database path to: /Applications/STM32CubeIDE.app/Contents/Eclipse/plugins/com.st.stm32cube.common.mx_6.15.0.202507011659//db//mcu/
2026-02-21 21:10:32,402 [INFO] ApiDb:274 - Set plugin database path to: /Applications/STM32CubeIDE.app/Contents/Eclipse/plugins/com.st.stm32cube.common.mx_6.15.0.202507011659//db//plugins/boardmanager/
2026-02-21 21:10:32,404 [WARN] ApiDb:259 - Overriding images path with different value:  => /Applications/STM32CubeIDE.app/Contents/Eclipse/plugins/com.st.stm32cube.common.mx_6.15.0.202507011659//db//plugins/mcufinder/images/
2026-02-21 21:10:32,414 [INFO] ApiDb:250 - Set database path to: /Users/ryuyoonmin/.stmcufinder/plugins/mcufinder//mcu/
2026-02-21 21:10:32,415 [INFO] DbMcusAds:125 - Set database path to: /Users/ryuyoonmin/.stmcufinder/plugins/mcufinder//mcu/
2026-02-21 21:10:32,416 [INFO] CrossReferenceDbSqlite:203 - Set database path to: /Users/ryuyoonmin/.stmcufinder/plugins/mcufinder//mcu/cs/
2026-02-21 21:10:32,553 [INFO] RulesReader:64 - Compatibility file has been processed (317 Rules)
2026-02-21 21:10:32,609 [INFO] DbMcusXml:78 - Set database path to: /Applications/STM32CubeIDE.app/Contents/Eclipse/plugins/com.st.stm32cube.common.mx_6.15.0.202507011659//db//mcu/
2026-02-21 21:10:32,609 [INFO] ApiDb:274 - Set plugin database path to: /Applications/STM32CubeIDE.app/Contents/Eclipse/plugins/com.st.stm32cube.common.mx_6.15.0.202507011659//db//plugins/boardmanager/
2026-02-21 21:10:32,610 [INFO] ApiDb:261 - Set plugin images path to: /Applications/STM32CubeIDE.app/Contents/Eclipse/plugins/com.st.stm32cube.common.mx_6.15.0.202507011659//db//plugins/mcufinder/images/
2026-02-21 21:10:32,610 [WARN] DbFile:41 - Overriding database path with different value: /Users/ryuyoonmin/.stmcufinder/plugins/mcufinder/ => /Users/ryuyoonmin/.stmcufinder/plugins/mcufinder
2026-02-21 21:10:32,610 [INFO] ApiDb:250 - Set database path to: /Users/ryuyoonmin/.stmcufinder/plugins/mcufinder//mcu/
2026-02-21 21:10:32,610 [WARN] DbFile:41 - Overriding database path with different value: /Users/ryuyoonmin/.stmcufinder/plugins/mcufinder/ => /Users/ryuyoonmin/.stmcufinder/plugins/mcufinder
2026-02-21 21:10:32,611 [INFO] DbMcusAds:125 - Set database path to: /Users/ryuyoonmin/.stmcufinder/plugins/mcufinder//mcu/
2026-02-21 21:10:32,611 [WARN] DbFile:41 - Overriding database path with different value: /Users/ryuyoonmin/.stmcufinder/plugins/mcufinder/ => /Users/ryuyoonmin/.stmcufinder/plugins/mcufinder
2026-02-21 21:10:32,611 [WARN] DbFile:41 - Overriding database path with different value: /Users/ryuyoonmin/.stmcufinder/plugins/mcufinder/ => /Users/ryuyoonmin/.stmcufinder/plugins/mcufinder
2026-02-21 21:10:32,611 [INFO] CrossReferenceDbSqlite:203 - Set database path to: /Users/ryuyoonmin/.stmcufinder/plugins/mcufinder//mcu/cs/
2026-02-21 21:10:32,680 [INFO] MainPanel:274 - HeapMemory: 313524224
2026-02-21 21:10:33,027 [INFO] DbMcusXml:78 - Set database path to: /Applications/STM32CubeIDE.app/Contents/Eclipse/plugins/com.st.stm32cube.common.mx_6.15.0.202507011659//db//mcu/
2026-02-21 21:10:33,027 [INFO] ApiDb:274 - Set plugin database path to: /Applications/STM32CubeIDE.app/Contents/Eclipse/plugins/com.st.stm32cube.common.mx_6.15.0.202507011659//db//plugins/boardmanager/
2026-02-21 21:10:33,028 [INFO] ApiDb:261 - Set plugin images path to: /Applications/STM32CubeIDE.app/Contents/Eclipse/plugins/com.st.stm32cube.common.mx_6.15.0.202507011659//db//plugins/mcufinder/images/
2026-02-21 21:10:33,028 [WARN] DbFile:41 - Overriding database path with different value: /Users/ryuyoonmin/.stmcufinder/plugins/mcufinder/ => /Users/ryuyoonmin/.stmcufinder/plugins/mcufinder
2026-02-21 21:10:33,028 [INFO] ApiDb:250 - Set database path to: /Users/ryuyoonmin/.stmcufinder/plugins/mcufinder//mcu/
2026-02-21 21:10:33,028 [WARN] DbFile:41 - Overriding database path with different value: /Users/ryuyoonmin/.stmcufinder/plugins/mcufinder/ => /Users/ryuyoonmin/.stmcufinder/plugins/mcufinder
2026-02-21 21:10:33,028 [INFO] DbMcusAds:125 - Set database path to: /Users/ryuyoonmin/.stmcufinder/plugins/mcufinder//mcu/
2026-02-21 21:10:33,028 [WARN] DbFile:41 - Overriding database path with different value: /Users/ryuyoonmin/.stmcufinder/plugins/mcufinder/ => /Users/ryuyoonmin/.stmcufinder/plugins/mcufinder
2026-02-21 21:10:33,028 [WARN] DbFile:41 - Overriding database path with different value: /Users/ryuyoonmin/.stmcufinder/plugins/mcufinder/ => /Users/ryuyoonmin/.stmcufinder/plugins/mcufinder
2026-02-21 21:10:33,028 [INFO] CrossReferenceDbSqlite:203 - Set database path to: /Users/ryuyoonmin/.stmcufinder/plugins/mcufinder//mcu/cs/
2026-02-21 21:10:33,045 [INFO] ApplicationProperties:184 - Using Application install path: /Applications/STM32CubeIDE.app/Contents/Eclipse/plugins/com.st.stm32cube.common.mx_6.15.0.202507011659
2026-02-21 21:10:33,046 [INFO] PluginManage:196 - Search for loadable plugins [exclusion list=, ]
2026-02-21 21:10:33,047 [INFO] PluginManage:310 - Check plugin analytics
2026-02-21 21:10:33,367 [INFO] AnalyticsPlugin:253 - Accepted Software Licenses: 
2026-02-21 21:10:33,369 [INFO] AnalyticsPlugin:255 - Accepted CMSIS Pack Licenses: 
2026-02-21 21:10:33,369 [INFO] AnalyticsPlugin:257 - Accepted Firmware Licenses: 
2026-02-21 21:10:33,389 [INFO] PluginManage:359 - Loaded plugin analytics (category:tool,tabindex:-1)
2026-02-21 21:10:33,395 [INFO] PluginManage:310 - Check plugin cadmodel
2026-02-21 21:10:33,410 [INFO] CADModel:105 - Init CAD model plugin
2026-02-21 21:10:33,410 [INFO] PluginManage:359 - Loaded plugin cadmodel (category:power,tabindex:5)
2026-02-21 21:10:33,411 [INFO] PluginManage:310 - Check plugin clock
2026-02-21 21:10:33,418 [INFO] PluginManage:359 - Loaded plugin clock (category:base,tabindex:2)
2026-02-21 21:10:33,418 [INFO] PluginManage:310 - Check plugin ddr
2026-02-21 21:10:33,420 [INFO] PluginManage:359 - Loaded plugin ddr (category:tool,tabindex:6)
2026-02-21 21:10:33,420 [INFO] PluginManage:310 - Check plugin filemanager
2026-02-21 21:10:33,563 [INFO] PluginManage:359 - Loaded plugin filemanager (category:base,tabindex:10)
2026-02-21 21:10:33,563 [INFO] PluginManage:310 - Check plugin ipmanager
2026-02-21 21:10:33,573 [INFO] PluginManage:359 - Loaded plugin ipmanager (category:base,tabindex:5)
2026-02-21 21:10:33,573 [INFO] PluginManage:310 - Check plugin lpbam
2026-02-21 21:10:33,585 [INFO] PluginManage:359 - Loaded plugin lpbam (category:base,tabindex:0)
2026-02-21 21:10:33,585 [INFO] PluginManage:310 - Check plugin memorymap
2026-02-21 21:10:33,593 [INFO] PluginManage:359 - Loaded plugin memorymap (category:base,tabindex:4)
2026-02-21 21:10:33,593 [INFO] PluginManage:310 - Check plugin pinoutandconfiguration
2026-02-21 21:10:33,598 [INFO] PluginManage:359 - Loaded plugin pinoutandconfiguration (category:base,tabindex:1)
2026-02-21 21:10:33,598 [INFO] PluginManage:310 - Check plugin pinoutconfig
2026-02-21 21:10:33,675 [WARN] SupportedApi:132 - Cannot load RTOS API schema: s4s-elt-must-match.1: The content of 'definitions' must match (annotation?, (simpleType | complexType)?, (unique | key | keyref)*)). A problem was found starting at: attribute.
2026-02-21 21:10:33,788 [INFO] PluginManage:359 - Loaded plugin pinoutconfig (category:base,tabindex:0)
2026-02-21 21:10:33,788 [INFO] PluginManage:310 - Check plugin power
2026-02-21 21:10:33,797 [INFO] PluginManage:359 - Loaded plugin power (category:power,tabindex:4)
2026-02-21 21:10:33,797 [INFO] PluginManage:310 - Check plugin projectmanager
2026-02-21 21:10:33,818 [INFO] PluginManage:359 - Loaded plugin projectmanager (category:projectmanager,tabindex:4)
2026-02-21 21:10:33,818 [INFO] PluginManage:310 - Check plugin rif
2026-02-21 21:10:33,823 [INFO] PluginManage:359 - Loaded plugin rif (category:base,tabindex:3)
2026-02-21 21:10:33,823 [INFO] PluginManage:310 - Check plugin thirdparty
2026-02-21 21:10:33,981 [INFO] PluginManage:359 - Loaded plugin thirdparty (category:base,tabindex:-1)
2026-02-21 21:10:33,981 [WARN] IntegrityCheckThread:84 - waiting for thirdparty lock release [integrity check]
2026-02-21 21:10:33,982 [INFO] PluginManage:310 - Check plugin tools
2026-02-21 21:10:33,983 [INFO] IntegrityCheckThread:86 - entering critical section [integrity check]
2026-02-21 21:10:33,985 [INFO] ThirdPartyUpdaterWithRetryManager:70 - Updater plugin not ready yet. [1/15]
2026-02-21 21:10:33,986 [INFO] PluginManage:359 - Loaded plugin tools (category:base,tabindex:7)
2026-02-21 21:10:33,986 [INFO] PluginManage:310 - Check plugin tutovideos
2026-02-21 21:10:34,128 [INFO] PluginManage:359 - Loaded plugin tutovideos (category:base,tabindex:-1)
2026-02-21 21:10:34,129 [INFO] PluginManage:310 - Check plugin updater
2026-02-21 21:10:34,153 [INFO] PluginManage:359 - Loaded plugin updater (category:base,tabindex:12)
2026-02-21 21:10:34,153 [INFO] PluginManage:310 - Check plugin userauth
2026-02-21 21:10:34,156 [INFO] UserAuth:118 - Init User Auth plugin
2026-02-21 21:10:34,157 [INFO] PluginManage:359 - Loaded plugin userauth (category:base,tabindex:14)
2026-02-21 21:10:34,157 [INFO] PluginManage:283 - PluginManage : Loaded plugins [18]
2026-02-21 21:10:34,331 [INFO] PinOutPanel:1589 - setPackage(No Configuration,No Configuration)
2026-02-21 21:10:34,390 [INFO] CADModel:165 - CPN selected for project level
2026-02-21 21:10:34,391 [INFO] CADModel:114 - Register for checkConnection events
2026-02-21 21:10:34,398 [INFO] IPUIPlugin:80 - create IPUIPlugin
2026-02-21 21:10:34,399 [INFO] PluginManager:220 - loadIPPluginJar : add mdma
2026-02-21 21:10:34,402 [INFO] IPUIPlugin:80 - create IPUIPlugin
2026-02-21 21:10:34,403 [INFO] PluginManager:220 - loadIPPluginJar : add freertos
2026-02-21 21:10:34,405 [INFO] IPUIPlugin:80 - create IPUIPlugin
2026-02-21 21:10:34,405 [INFO] PluginManager:220 - loadIPPluginJar : add gic
2026-02-21 21:10:34,411 [INFO] IPUIPlugin:80 - create IPUIPlugin
2026-02-21 21:10:34,411 [INFO] PluginManager:220 - loadIPPluginJar : add adc
2026-02-21 21:10:34,413 [INFO] IPUIPlugin:80 - create IPUIPlugin
2026-02-21 21:10:34,413 [INFO] PluginManager:220 - loadIPPluginJar : add gtzc
2026-02-21 21:10:34,413 [INFO] IPUIPlugin:80 - create IPUIPlugin
2026-02-21 21:10:34,413 [INFO] PluginManager:220 - loadIPPluginJar : add quadspi
2026-02-21 21:10:34,414 [INFO] IPUIPlugin:80 - create IPUIPlugin
2026-02-21 21:10:34,414 [INFO] PluginManager:220 - loadIPPluginJar : add aes
2026-02-21 21:10:34,416 [INFO] IPUIPlugin:80 - create IPUIPlugin
2026-02-21 21:10:34,416 [INFO] PluginManager:220 - loadIPPluginJar : add pdm2pcm
2026-02-21 21:10:34,417 [INFO] IPUIPlugin:80 - create IPUIPlugin
2026-02-21 21:10:34,417 [INFO] PluginManager:220 - loadIPPluginJar : add hash
2026-02-21 21:10:34,418 [INFO] IPUIPlugin:80 - create IPUIPlugin
2026-02-21 21:10:34,418 [INFO] PluginManager:220 - loadIPPluginJar : add tim
2026-02-21 21:10:34,419 [INFO] IPUIPlugin:80 - create IPUIPlugin
2026-02-21 21:10:34,419 [INFO] PluginManager:220 - loadIPPluginJar : add tsc
2026-02-21 21:10:34,420 [INFO] IPUIPlugin:80 - create IPUIPlugin
2026-02-21 21:10:34,420 [INFO] PluginManager:220 - loadIPPluginJar : add extmemmanager
2026-02-21 21:10:34,421 [INFO] IPUIPlugin:80 - create IPUIPlugin
2026-02-21 21:10:34,421 [INFO] PluginManager:220 - loadIPPluginJar : add ts
2026-02-21 21:10:34,423 [INFO] IPUIPlugin:80 - create IPUIPlugin
2026-02-21 21:10:34,424 [INFO] PluginManager:220 - loadIPPluginJar : add radio
2026-02-21 21:10:34,425 [INFO] IPUIPlugin:80 - create IPUIPlugin
2026-02-21 21:10:34,425 [INFO] PluginManager:220 - loadIPPluginJar : add can
2026-02-21 21:10:34,426 [INFO] IPUIPlugin:80 - create IPUIPlugin
2026-02-21 21:10:34,426 [INFO] PluginManager:220 - loadIPPluginJar : add dma3
2026-02-21 21:10:34,427 [INFO] IPUIPlugin:80 - create IPUIPlugin
2026-02-21 21:10:34,427 [INFO] PluginManager:220 - loadIPPluginJar : add dfsdm
2026-02-21 21:10:34,428 [INFO] IPUIPlugin:80 - create IPUIPlugin
2026-02-21 21:10:34,428 [INFO] PluginManager:220 - loadIPPluginJar : add spi
2026-02-21 21:10:34,428 [INFO] IPUIPlugin:80 - create IPUIPlugin
2026-02-21 21:10:34,429 [INFO] PluginManager:220 - loadIPPluginJar : add gfxmmu
2026-02-21 21:10:34,430 [INFO] IPUIPlugin:80 - create IPUIPlugin
2026-02-21 21:10:34,430 [INFO] PluginManager:220 - loadIPPluginJar : add genericplugin
2026-02-21 21:10:34,433 [INFO] IPUIPlugin:80 - create IPUIPlugin
2026-02-21 21:10:34,433 [INFO] PluginManager:220 - loadIPPluginJar : add cryp
2026-02-21 21:10:34,436 [INFO] IPUIPlugin:80 - create IPUIPlugin
2026-02-21 21:10:34,436 [INFO] PluginManager:220 - loadIPPluginJar : add gpio
2026-02-21 21:10:34,437 [INFO] IPUIPlugin:80 - create IPUIPlugin
2026-02-21 21:10:34,438 [INFO] PluginManager:220 - loadIPPluginJar : add ddr_ctrl_phy
2026-02-21 21:10:34,438 [INFO] IPUIPlugin:80 - create IPUIPlugin
2026-02-21 21:10:34,439 [INFO] PluginManager:220 - loadIPPluginJar : add comp
2026-02-21 21:10:34,440 [INFO] IPUIPlugin:80 - create IPUIPlugin
2026-02-21 21:10:34,440 [INFO] PluginManager:220 - loadIPPluginJar : add tracer_emb
2026-02-21 21:10:34,441 [INFO] IPUIPlugin:80 - create IPUIPlugin
2026-02-21 21:10:34,442 [INFO] PluginManager:220 - loadIPPluginJar : add openamp
2026-02-21 21:10:34,444 [INFO] IPUIPlugin:80 - create IPUIPlugin
2026-02-21 21:10:34,444 [INFO] PluginManager:220 - loadIPPluginJar : add stm32_wpan
2026-02-21 21:10:34,447 [INFO] IPUIPlugin:80 - create IPUIPlugin
2026-02-21 21:10:34,449 [INFO] PluginManager:220 - loadIPPluginJar : add plateformsettings
2026-02-21 21:10:34,452 [INFO] IPUIPlugin:80 - create IPUIPlugin
2026-02-21 21:10:34,452 [INFO] PluginManager:220 - loadIPPluginJar : add ipddr
2026-02-21 21:10:34,453 [INFO] IPUIPlugin:80 - create IPUIPlugin
2026-02-21 21:10:34,453 [INFO] PluginManager:220 - loadIPPluginJar : add usart
2026-02-21 21:10:34,454 [INFO] IPUIPlugin:80 - create IPUIPlugin
2026-02-21 21:10:34,454 [INFO] PluginManager:220 - loadIPPluginJar : add ltdc
2026-02-21 21:10:34,455 [INFO] IPUIPlugin:80 - create IPUIPlugin
2026-02-21 21:10:34,455 [INFO] PluginManager:220 - loadIPPluginJar : add nvic
2026-02-21 21:10:34,455 [INFO] IPUIPlugin:80 - create IPUIPlugin
2026-02-21 21:10:34,455 [INFO] PluginManager:220 - loadIPPluginJar : add fatfs
2026-02-21 21:10:34,459 [INFO] IPUIPlugin:80 - create IPUIPlugin
2026-02-21 21:10:34,459 [INFO] PluginManager:220 - loadIPPluginJar : add linkedlist
2026-02-21 21:10:34,461 [INFO] IPUIPlugin:80 - create IPUIPlugin
2026-02-21 21:10:34,461 [INFO] PluginManager:220 - loadIPPluginJar : add dma
2026-02-21 21:10:34,463 [INFO] IPUIPlugin:80 - create IPUIPlugin
2026-02-21 21:10:34,463 [INFO] PluginManager:220 - loadIPPluginJar : add fmc
2026-02-21 21:10:34,464 [INFO] IPUIPlugin:80 - create IPUIPlugin
2026-02-21 21:10:34,464 [INFO] PluginManager:220 - loadIPPluginJar : add i2s
2026-02-21 21:10:34,464 [INFO] IPUIPlugin:80 - create IPUIPlugin
2026-02-21 21:10:34,464 [INFO] PluginManager:220 - loadIPPluginJar : add ucpd
2026-02-21 21:10:34,465 [INFO] IPUIPlugin:80 - create IPUIPlugin
2026-02-21 21:10:34,465 [INFO] PluginManager:220 - loadIPPluginJar : add lorawan
2026-02-21 21:10:34,467 [INFO] IPUIPlugin:80 - create IPUIPlugin
2026-02-21 21:10:34,467 [INFO] PluginManager:220 - loadIPPluginJar : add opamp
2026-02-21 21:10:34,469 [INFO] IPUIPlugin:80 - create IPUIPlugin
2026-02-21 21:10:34,469 [INFO] PluginManager:220 - loadIPPluginJar : add i3c
2026-02-21 21:10:34,471 [INFO] IPUIPlugin:80 - create IPUIPlugin
2026-02-21 21:10:34,472 [INFO] PluginManager:220 - loadIPPluginJar : add touchsensing
2026-02-21 21:10:34,473 [INFO] IPUIPlugin:80 - create IPUIPlugin
2026-02-21 21:10:34,473 [INFO] PluginManager:220 - loadIPPluginJar : add i2c
2026-02-21 21:10:34,474 [INFO] IPUIPlugin:80 - create IPUIPlugin
2026-02-21 21:10:34,475 [INFO] PluginManager:220 - loadIPPluginJar : add resmgrutility
2026-02-21 21:10:34,476 [INFO] IPUIPlugin:80 - create IPUIPlugin
2026-02-21 21:10:34,477 [INFO] PluginManager:220 - loadIPPluginJar : add sai
2026-02-21 21:10:34,478 [INFO] IPUIPlugin:80 - create IPUIPlugin
2026-02-21 21:10:34,478 [INFO] PluginManager:220 - loadIPPluginJar : add usbx
2026-02-21 21:10:34,592 [FATAL] Updater:351 - Updater called before beeing initialized
2026-02-21 21:10:34,632 [INFO] RulesReader:64 - Compatibility file has been processed (317 Rules)
2026-02-21 21:10:34,648 [INFO] RulesReader:64 - Compatibility file has been processed (317 Rules)
2026-02-21 21:10:34,656 [INFO] CADModel:165 - CPN selected for project level
2026-02-21 21:10:34,656 [INFO] CADModel:114 - Register for checkConnection events
2026-02-21 21:10:34,656 [FATAL] Updater:351 - Updater called before beeing initialized
2026-02-21 21:10:34,656 [ERROR] CADModel:125 - Updater not yet initialized, retry later 
2026-02-21 21:10:35,184 [FATAL] Updater:351 - Updater called before beeing initialized
2026-02-21 21:10:35,205 [INFO] CADModel:165 - CPN selected for project level
2026-02-21 21:10:35,206 [INFO] CADModel:114 - Register for checkConnection events
2026-02-21 21:10:35,206 [FATAL] Updater:351 - Updater called before beeing initialized
2026-02-21 21:10:35,208 [ERROR] CADModel:125 - Updater not yet initialized, retry later 
2026-02-21 21:10:35,216 [FATAL] Updater:351 - Updater called before beeing initialized
2026-02-21 21:10:35,433 [FATAL] Updater:351 - Updater called before beeing initialized
2026-02-21 21:10:35,439 [INFO] DbMcusAds:53 - JSON generation date=Tue Jul 08 17:14:23 KST 2025 (1751962463593)
2026-02-21 21:10:35,440 [FATAL] Updater:351 - Updater called before beeing initialized
2026-02-21 21:10:35,487 [WARN] DetailPanel:346 - Failed to get advertising image, set to default
2026-02-21 21:10:35,548 [FATAL] Updater:351 - Updater called before beeing initialized
2026-02-21 21:10:35,551 [FATAL] Updater:351 - Updater called before beeing initialized
2026-02-21 21:10:35,551 [FATAL] Updater:351 - Updater called before beeing initialized
2026-02-21 21:10:35,552 [WARN] DetailPanel:346 - Failed to get advertising image, set to default
2026-02-21 21:10:35,555 [FATAL] Updater:351 - Updater called before beeing initialized
2026-02-21 21:10:35,621 [ERROR] Updater:1198 - MainUpdater not yet initialized. External WinMGr cannot be set.
2026-02-21 21:10:35,631 [INFO] Updater:1134 - Updater Version found : 6.15.0
2026-02-21 21:10:35,642 [INFO] ApplicationProperties:184 - Using Application install path: /Applications/STM32CubeIDE.app/Contents/Eclipse/plugins/com.st.stm32cube.common.mx_6.15.0.202507011659
2026-02-21 21:10:36,305 [INFO] MainUpdater:2872 - connection check result : 10
2026-02-21 21:10:36,307 [INFO] MainUpdater:289 - Updater Check For Update Now.
2026-02-21 21:10:36,307 [INFO] MicroXplorer:498 - Change Database Version : DB.6.0.150
2026-02-21 21:10:36,321 [INFO] McuFinderGlobals:63 - Set McuFinder mode to 2 (CubeIDE integrated)
2026-02-21 21:10:36,323 [INFO] UserAuth:487 - Internet connection configuration mode: 1
2026-02-21 21:10:36,342 [INFO] JxBrowserEngine:152 - Initiate JxBrowser Engine with user profile folder
2026-02-21 21:10:36,752 [INFO] CheckServerUpdateThread:120 - End of CheckServer Thread
2026-02-21 21:10:37,242 [WARN] PackLoader:240 - Cannot read IP mode file for STMicroelectronics.FP-SNS-MOTENVWB1.1.4.0
2026-02-21 21:10:37,264 [WARN] PackLoader:240 - Cannot read IP mode file for STMicroelectronics.FP-ATR-ASTRA1.2.0.2
2026-02-21 21:10:37,274 [WARN] PackLoader:240 - Cannot read IP mode file for STMicroelectronics.X-CUBE-SMBUS.2.1.0
2026-02-21 21:10:37,278 [WARN] PackLoader:240 - Cannot read IP mode file for STMicroelectronics.X-CUBE-ST60.1.0.0
2026-02-21 21:10:37,317 [WARN] PackLoader:240 - Cannot read IP mode file for STMicroelectronics.X-CUBE-AZRTOS-F7.1.1.0
2026-02-21 21:10:37,351 [WARN] PackLoader:240 - Cannot read IP mode file for STMicroelectronics.FP-SNS-MOTENV1.5.1.0
2026-02-21 21:10:37,446 [WARN] PackLoader:240 - Cannot read IP mode file for Infineon.AIROC-Wi-Fi-Bluetooth-STM32.1.7.1
2026-02-21 21:10:37,524 [WARN] PackLoader:240 - Cannot read IP mode file for STMicroelectronics.X-CUBE-AZRTOS-H7.3.4.0
2026-02-21 21:10:37,561 [WARN] PackLoader:240 - Cannot read IP mode file for STMicroelectronics.X-CUBE-DISPLAY.3.0.0
2026-02-21 21:10:37,583 [WARN] PackLoader:240 - Cannot read IP mode file for STMicroelectronics.FP-SNS-MOTENVWB1.1.5.0
2026-02-21 21:10:37,608 [WARN] PackLoader:240 - Cannot read IP mode file for STMicroelectronics.X-CUBE-NFC10.1.0.0
2026-02-21 21:10:37,618 [WARN] PackLoader:240 - Cannot read IP mode file for STMicroelectronics.X-CUBE-ST60.1.1.0
2026-02-21 21:10:37,627 [WARN] PackLoader:240 - Cannot read IP mode file for emotas.I-CUBE-CANOPEN.1.3.0
2026-02-21 21:10:37,639 [WARN] PackLoader:240 - Cannot read IP mode file for STMicroelectronics.X-CUBE-GNSS1.7.1.0
2026-02-21 21:10:37,651 [WARN] PackLoader:240 - Cannot read IP mode file for STMicroelectronics.FP-SNS-STBOX1.2.1.0
2026-02-21 21:10:37,662 [WARN] PackLoader:240 - Cannot read IP mode file for STMicroelectronics.FP-SNS-SMARTAG2.1.2.0
2026-02-21 21:10:37,666 [WARN] PackLoader:240 - Cannot read IP mode file for STMicroelectronics.FP-SNS-FLIGHT1.5.1.0
2026-02-21 21:10:37,674 [INFO] LogOutputStream:77 - [STDOUT_REDIRECT] 1 : Invalid condition id : UX_CORESTACK_Condition cause : null
2026-02-21 21:10:37,675 [INFO] LogOutputStream:77 - [STDOUT_REDIRECT] 1 : Invalid condition id : UX_CORESTACK_Condition cause : null
2026-02-21 21:10:37,676 [INFO] LogOutputStream:77 - [STDOUT_REDIRECT] 1 : Invalid condition id : UX_CORESTACK_Condition cause : null
2026-02-21 21:10:37,676 [INFO] LogOutputStream:77 - [STDOUT_REDIRECT] 1 : Invalid condition id : UX_CORESTACK_Condition cause : null
2026-02-21 21:10:37,676 [INFO] LogOutputStream:77 - [STDOUT_REDIRECT] 1 : Invalid condition id : UX_CORESTACK_Condition cause : null
2026-02-21 21:10:37,682 [WARN] PackLoader:240 - Cannot read IP mode file for STMicroelectronics.X-CUBE-AZRTOS-WL.2.0.0
2026-02-21 21:10:37,695 [WARN] PackLoader:240 - Cannot read IP mode file for STMicroelectronics.FP-SNS-MOTENV1.5.0.0
2026-02-21 21:10:37,726 [WARN] PackLoader:240 - Cannot read IP mode file for STMicroelectronics.X-CUBE-AZRTOS-H7RS.1.2.0
2026-02-21 21:10:37,744 [WARN] PackLoader:240 - Cannot read IP mode file for WES.I-CUBE-Cesium.1.3.0
2026-02-21 21:10:37,752 [WARN] PackLoader:240 - Cannot read IP mode file for STMicroelectronics.X-CUBE-BLE2.3.3.0
2026-02-21 21:10:37,784 [WARN] PackLoader:240 - Cannot read IP mode file for STMicroelectronics.X-CUBE-NFC9.1.0.0
2026-02-21 21:10:37,802 [WARN] PackLoader:240 - Cannot read IP mode file for wolfSSL.I-CUBE-wolfSSL.5.8.2
2026-02-21 21:10:37,808 [WARN] PackLoader:240 - Cannot read IP mode file for STMicroelectronics.X-CUBE-BLE1.7.1.0
2026-02-21 21:10:37,813 [WARN] PackLoader:240 - Cannot read IP mode file for wolfSSL.I-CUBE-wolfMQTT.1.19.2
2026-02-21 21:10:37,821 [WARN] PackLoader:240 - Cannot read IP mode file for STMicroelectronics.X-CUBE-FREERTOS.1.4.0
2026-02-21 21:10:37,833 [WARN] PackLoader:240 - Cannot read IP mode file for STMicroelectronics.X-CUBE-EEPRMA1.5.2.0
2026-02-21 21:10:37,849 [WARN] PackLoader:240 - Cannot read IP mode file for STMicroelectronics.X-CUBE-ST67W61.1.1.0
2026-02-21 21:10:37,856 [WARN] PackLoader:240 - Cannot read IP mode file for STMicroelectronics.X-CUBE-AI.10.1.0
2026-02-21 21:10:37,931 [WARN] PackLoader:240 - Cannot read IP mode file for STMicroelectronics.X-CUBE-MEMS1.12.0.0
2026-02-21 21:10:38,035 [WARN] PackLoader:240 - Cannot read IP mode file for STMicroelectronics.X-CUBE-AZRTOS-G0.1.1.0
2026-02-21 21:10:38,052 [WARN] PackLoader:240 - Cannot read IP mode file for STMicroelectronics.X-CUBE-SAFEA1.1.2.2
2026-02-21 21:10:38,059 [WARN] PackLoader:240 - Cannot read IP mode file for STMicroelectronics.X-CUBE-NFC4.3.0.0
2026-02-21 21:10:38,069 [WARN] PackLoader:240 - Cannot read IP mode file for EmbeddedOffice.I-CUBE-FS-RTOS.1.0.1
2026-02-21 21:10:38,083 [WARN] PackLoader:240 - Cannot read IP mode file for STMicroelectronics.X-CUBE-WB05N.2.0.0
2026-02-21 21:10:38,094 [WARN] PackLoader:240 - Cannot read IP mode file for wolfSSL.I-CUBE-wolfTPM.3.8.0
2026-02-21 21:10:38,105 [WARN] PackLoader:240 - Cannot read IP mode file for STMicroelectronics.X-CUBE-TCPP.4.2.0
2026-02-21 21:10:38,110 [WARN] PackLoader:240 - Cannot read IP mode file for RealThread.X-CUBE-RT-Thread_Nano.4.1.1
2026-02-21 21:10:38,114 [WARN] PackLoader:240 - Cannot read IP mode file for STMicroelectronics.FP-ATR-SIGFOX1.3.2.0
2026-02-21 21:10:38,123 [WARN] PackLoader:240 - Cannot read IP mode file for ITTIA_DB.I-CUBE-ITTIADB.8.9.0
2026-02-21 21:10:38,136 [WARN] PackLoader:240 - Cannot read IP mode file for STMicroelectronics.X-CUBE-NFC6.3.2.0
2026-02-21 21:10:38,150 [WARN] PackLoader:240 - Cannot read IP mode file for STMicroelectronics.X-CUBE-ST67W61.1.0.0
2026-02-21 21:10:38,159 [WARN] PackLoader:240 - Cannot read IP mode file for STMicroelectronics.X-CUBE-AI.10.2.0
2026-02-21 21:10:38,196 [WARN] PackLoader:240 - Cannot read IP mode file for SEGGER.I-CUBE-embOS.1.3.1
2026-02-21 21:10:38,221 [WARN] PackLoader:240 - Cannot read IP mode file for STMicroelectronics.X-CUBE-ALGOBUILD.1.4.0
2026-02-21 21:10:38,283 [WARN] PackLoader:240 - Cannot read IP mode file for STMicroelectronics.X-CUBE-MEMS1.11.3.0
2026-02-21 21:10:38,600 [WARN] PackLoader:240 - Cannot read IP mode file for STMicroelectronics.X-CUBE-PM33A1.1.0.0
2026-02-21 21:10:38,656 [WARN] PackLoader:240 - Cannot read IP mode file for STMicroelectronics.X-CUBE-AZRTOS-F4.1.1.0
2026-02-21 21:10:38,665 [WARN] PackLoader:240 - Cannot read IP mode file for Avnet-IotConnect.X-CUBE-IoTC-DA16k-PMOD.1.0.0
2026-02-21 21:10:38,671 [WARN] PackLoader:240 - Cannot read IP mode file for STMicroelectronics.X-CUBE-ISPU.2.1.0
2026-02-21 21:10:38,684 [WARN] PackLoader:240 - Cannot read IP mode file for STMicroelectronics.X-CUBE-IPS.3.2.0
2026-02-21 21:10:38,696 [WARN] PackLoader:240 - Cannot read IP mode file for STMicroelectronics.X-CUBE-NFC12.1.0.0
2026-02-21 21:10:38,719 [WARN] PackLoader:240 - Cannot read IP mode file for STMicroelectronics.X-CUBE-AZRTOS-L5.2.0.0
2026-02-21 21:10:38,736 [WARN] PackLoader:240 - Cannot read IP mode file for STMicroelectronics.X-CUBE-NFC6.3.1.0
2026-02-21 21:10:38,743 [WARN] PackLoader:240 - Cannot read IP mode file for STMicroelectronics.X-CUBE-FREERTOS.1.3.1
2026-02-21 21:10:38,764 [WARN] PackLoader:240 - Cannot read IP mode file for STMicroelectronics.X-CUBE-TOUCHGFX.4.26.0
2026-02-21 21:10:38,771 [WARN] PackLoader:240 - Cannot read IP mode file for STMicroelectronics.FP-SNS-STAIOTCFT.1.0.0
2026-02-21 21:10:38,782 [WARN] PackLoader:240 - Cannot read IP mode file for STMicroelectronics.X-CUBE-DPower.1.3.0
2026-02-21 21:10:38,802 [WARN] ConditionMgr:438 - getConditionDescription Invalid condition id : LAN8742 Phy interface Condition cause : null
2026-02-21 21:10:38,803 [WARN] PackLoader:240 - Cannot read IP mode file for STMicroelectronics.X-CUBE-AZRTOS-L4.2.0.0
2026-02-21 21:10:38,806 [WARN] ConditionMgr:1044 - genDependencies : Invalid condition id : LAN8742 Phy interface Condition cause : null
2026-02-21 21:10:38,807 [WARN] ConditionMgr:1044 - genDependencies : Invalid condition id : LAN8742 Phy interface Condition cause : null
2026-02-21 21:10:38,808 [WARN] ConditionMgr:1044 - genDependencies : Invalid condition id : LAN8742 Phy interface Condition cause : null
2026-02-21 21:10:38,818 [WARN] PackLoader:240 - Cannot read IP mode file for STMicroelectronics.X-CUBE-SFXS2LP1.4.0.0
2026-02-21 21:10:38,832 [WARN] PackLoader:240 - Cannot read IP mode file for STMicroelectronics.X-CUBE-ST67W61.1.2.0
2026-02-21 21:10:38,852 [WARN] PackLoader:240 - Cannot read IP mode file for STMicroelectronics.X-CUBE-BLEMGR.4.1.0
2026-02-21 21:10:38,875 [WARN] ConditionMgr:438 - getConditionDescription Invalid condition id : UX DEVICE CLASS RTOS Condition cause : null
2026-02-21 21:10:38,875 [WARN] ConditionMgr:438 - getConditionDescription Invalid condition id : UX DEVICE CLASS RTOS Condition cause : null
2026-02-21 21:10:38,884 [WARN] PackLoader:240 - Cannot read IP mode file for STMicroelectronics.X-CUBE-AZRTOS-WB.2.0.0
2026-02-21 21:10:38,886 [WARN] ConditionMgr:1044 - genDependencies : Invalid condition id : UX DEVICE CLASS RTOS Condition cause : null
2026-02-21 21:10:38,886 [WARN] ConditionMgr:1044 - genDependencies : Invalid condition id : UX DEVICE CLASS RTOS Condition cause : null
2026-02-21 21:10:38,886 [WARN] ConditionMgr:1044 - genDependencies : Invalid condition id : UX DEVICE CLASS RTOS Condition cause : null
2026-02-21 21:10:38,887 [WARN] ConditionMgr:1044 - genDependencies : Invalid condition id : UX DEVICE CLASS RTOS Condition cause : null
2026-02-21 21:10:38,887 [WARN] ConditionMgr:1044 - genDependencies : Invalid condition id : UX DEVICE CLASS RTOS Condition cause : null
2026-02-21 21:10:38,896 [WARN] PackLoader:240 - Cannot read IP mode file for STMicroelectronics.X-CUBE-GNSS1.7.0.1
2026-02-21 21:10:38,903 [WARN] PackLoader:240 - Cannot read IP mode file for STMicroelectronics.X-CUBE-TOUCHGFX.4.25.0
2026-02-21 21:10:38,907 [WARN] ConditionMgr:438 - getConditionDescription Invalid condition id : Cortex-A Device cause : null
2026-02-21 21:10:38,932 [WARN] ConditionMgr:1044 - genDependencies : Invalid condition id : Cortex-A Device cause : null
2026-02-21 21:10:38,932 [WARN] ConditionMgr:1044 - genDependencies : Invalid condition id : Cortex-A Device cause : null
2026-02-21 21:10:38,933 [WARN] ConditionMgr:1044 - genDependencies : Invalid condition id : Cortex-A Device cause : null
2026-02-21 21:10:38,940 [WARN] PackLoader:240 - Cannot read IP mode file for STMicroelectronics.X-CUBE-STSE01.2.0.0
2026-02-21 21:10:38,956 [WARN] PackLoader:240 - Cannot read IP mode file for STMicroelectronics.X-CUBE-SUBG2.5.0.0
2026-02-21 21:10:38,990 [WARN] PackLoader:240 - Cannot read IP mode file for STMicroelectronics.X-CUBE-AZRTOS-H7RS.1.1.0
2026-02-21 21:10:38,999 [WARN] PackLoader:240 - Cannot read IP mode file for Cesanta.I-CUBE-Mongoose.7.13.0
2026-02-21 21:10:39,013 [WARN] PackLoader:240 - Cannot read IP mode file for STMicroelectronics.X-CUBE-AZRTOS-G4.2.0.0
2026-02-21 21:10:39,018 [WARN] PackLoader:240 - Cannot read IP mode file for wolfSSL.I-CUBE-wolfSSH.1.4.20
2026-02-21 21:10:39,021 [WARN] PackLoader:240 - Cannot read IP mode file for STMicroelectronics.X-CUBE-NFC7.2.0.0
2026-02-21 21:10:39,029 [WARN] PackLoader:240 - Cannot read IP mode file for STMicroelectronics.X-CUBE-IPS.3.1.0
2026-02-21 21:10:39,035 [WARN] PackLoader:240 - Cannot read IP mode file for STMicroelectronics.X-CUBE-ALS.1.0.2
2026-02-21 21:10:39,040 [WARN] PackLoader:240 - Cannot read IP mode file for STMicroelectronics.X-CUBE-STSE01.1.0.0
2026-02-21 21:10:39,049 [WARN] PackLoader:240 - Cannot read IP mode file for portGmbH.I-Cube-SoM-uGOAL.1.1.0
2026-02-21 21:10:39,062 [WARN] PackLoader:240 - Cannot read IP mode file for STMicroelectronics.X-CUBE-TOF1.3.4.3
2026-02-21 21:10:39,089 [INFO] ThirdParty:978 - Integrity check success = true
2026-02-21 21:10:39,089 [INFO] IntegrityCheckThread:100 - exiting critical section [integrity check]
2026-02-21 21:10:39,089 [INFO] IntegrityCheckThread:103 - End integrity checks thread
2026-02-21 21:10:40,469 [INFO] WebApp:169 - Instantiating new browser for Auth
2026-02-21 21:10:41,586 [INFO] WebApp:463 - Apply proxy settings
2026-02-21 21:10:41,604 [INFO] WebApp:508 - Chromium authenticates against Manually configured proxy
2026-02-21 21:10:41,619 [INFO] WebApp:516 - Username used for proxy authentication: 
2026-02-21 21:10:41,659 [INFO] WebApp:900 - Register for checkConnection events
2026-02-21 21:10:41,660 [INFO] WebApp:463 - Apply proxy settings
2026-02-21 21:10:41,664 [INFO] WebApp:508 - Chromium authenticates against Manually configured proxy
2026-02-21 21:10:41,665 [INFO] WebApp:516 - Username used for proxy authentication: 
2026-02-21 21:10:41,876 [INFO] WebApp:225 - Starting web application
2026-02-21 21:10:41,877 [INFO] WebApp:593 - Web application path used /Applications/STM32CubeIDE.app/Contents/Eclipse/plugins/com.st.stm32cube.common.mx_6.15.0.202507011659/db/plugins/mcufinder/reactClient1/index.html
2026-02-21 21:10:42,254 [INFO] WebApp:191 - Connection restablished
2026-02-21 21:10:42,469 [INFO] UserAuth:487 - Internet connection configuration mode: 1
2026-02-21 21:11:08,724 [ERROR] LogOutputStream:75 - [STDERR_REDIRECT] 
